f:\space\space ranger\space ranger\debug\vc142.pdb
f:\space\space ranger\space ranger\debug\vc142.idb
f:\space\space ranger\space ranger\debug\player.obj
f:\space\space ranger\space ranger\debug\menu.obj
f:\space\space ranger\space ranger\debug\main.obj
f:\space\space ranger\space ranger\debug\game.obj
f:\space\space ranger\space ranger\debug\enemy.obj
f:\space\space ranger\space ranger\debug\bullet.obj
f:\space\space ranger\debug\space ranger.ilk
f:\space\space ranger\debug\space ranger.exe
f:\space\space ranger\debug\space ranger.pdb
f:\space\space ranger\space ranger\debug\space ranger.res
f:\space\space ranger\space ranger\debug\space ranger.tlog\cl.command.1.tlog
f:\space\space ranger\space ranger\debug\space ranger.tlog\cl.read.1.tlog
f:\space\space ranger\space ranger\debug\space ranger.tlog\cl.write.1.tlog
f:\space\space ranger\space ranger\debug\space ranger.tlog\link.command.1.tlog
f:\space\space ranger\space ranger\debug\space ranger.tlog\link.read.1.tlog
f:\space\space ranger\space ranger\debug\space ranger.tlog\link.write.1.tlog
f:\space\space ranger\space ranger\debug\space ranger.tlog\rc.command.1.tlog
f:\space\space ranger\space ranger\debug\space ranger.tlog\rc.read.1.tlog
f:\space\space ranger\space ranger\debug\space ranger.tlog\rc.write.1.tlog
